onDragOver ok
onDragOver ok
onDragOver ok
onDragOver ok
onDragOver ok
onDragOver ok
onDragOver ok
onDragOver ok
onDragOver ok
onDragOver ok
onDragOver ok
onDragOver ok
onDragOver ok
onDragOver ok
onDragOver ok
onDragOver ok
onDragOver ok
onDragOver ok
onDragOver ok
onDragOver ok
onDragOver ok
onDragOver ok
onDragOver ok
onDragOver ok
onDragOver ok
onDragOver ok
onDragOver ok
onDragOver ok
onDragOver ok
onDragOver ok
onDragOver ok
onDragOver ok
onDragOver ok
onDragOver ok
onDragDropped
createComplexType change
Primitive.createIdentifier amountOfFavour Int ==> com.conetex.contract.lang.type.AttributePrimitive@150afe6
Primitive.createIdentifier step Int ==> com.conetex.contract.lang.type.AttributePrimitive@17760b2
Primitive.createIdentifier integerAnswer Int ==> com.conetex.contract.lang.type.AttributePrimitive@16ac659
Primitive.createIdentifier status ASCII256 ==> com.conetex.contract.lang.type.AttributePrimitive@13a4e65
createAttributesValues signatureOfClerk change.Signature ==> com.conetex.contract.lang.type.AttributeComplex@15f92c6
createAttributesValues signatureOfRequester change.Signature ==> com.conetex.contract.lang.type.AttributeComplex@83a1ee
createAttributesValues dutyOfClerk change.DutyOfClerk ==> com.conetex.contract.lang.type.AttributeComplex@98a613
createAttributesValues dutyOfRequester change.DutyOfRequester ==> com.conetex.contract.lang.type.AttributeComplex@1ef4f80
createComplexType change.DutyOfClerk.todo
Primitive.createIdentifier param Int ==> com.conetex.contract.lang.type.AttributePrimitive@3b3d19
createComplexType change.Signature
createAttributesValues participant change.Participant ==> com.conetex.contract.lang.type.AttributeComplex@1de7a61
Primitive.createIdentifier signing Base64(1024) ==> com.conetex.contract.lang.type.AttributePrimitive@1ad96df
createComplexType change.Participant
Primitive.createIdentifier nick ASCII(32) ==> com.conetex.contract.lang.type.AttributePrimitive@135ca84
Primitive.createIdentifier mail ASCII(32) ==> com.conetex.contract.lang.type.AttributePrimitive@19d6905
Primitive.createIdentifier publicKey Base64(256) ==> com.conetex.contract.lang.type.AttributePrimitive@f50de4
createComplexType change.Duty
create complex child change.DutyOfClerk
createComplexType change.DutyOfClerk
createAttributesValues change.DutyOfClerk.todo change.DutyOfClerk.todo ==> com.conetex.contract.lang.type.AttributeComplex@11b6e8b
create complex child change.DutyOfRequester
createComplexType change.DutyOfRequester
Builder contract
complexname: change.DutyOfClerk.todo
complexname: change.DutyOfClerk
complexname: change
complexname: change.DutyOfClerk.todo
complexname: change.DutyOfClerk
complexname: change
complexname: change.DutyOfClerk.todo
complexname: change.DutyOfClerk
complexname: change
complexname: change.DutyOfClerk.todo
complexname: change.DutyOfClerk
complexname: change
complexname: change.DutyOfClerk.todo
complexname: change.DutyOfClerk
complexname: change
complexname: change.DutyOfClerk.todo
complexname: change.DutyOfClerk
complexname: change
complexname: change.DutyOfClerk.todo
complexname: change.DutyOfClerk
complexname: change
complexname: change.DutyOfClerk.todo
complexname: change.DutyOfClerk
complexname: change
complexname: change.DutyOfClerk.todo
complexname: change.DutyOfClerk
complexname: change
complexname: change.DutyOfClerk.todo
complexname: change.DutyOfClerk
complexname: change
complexname: change.DutyOfRequester
complexname: change
complexname: change.DutyOfRequester
complexname: change
complexname: change.DutyOfRequester
complexname: change
complexname: change.DutyOfRequester
complexname: change
complexname: change.DutyOfRequester
complexname: change
complexname: change.DutyOfRequester
complexname: change
complexname: change.DutyOfRequester
complexname: change
complexname: change.DutyOfRequester
complexname: change
complexname: change.DutyOfRequester
complexname: change
complexname: change.DutyOfRequester
complexname: change
complexname: change.DutyOfRequester
complexname: change
createValues VIRTUAL_PRIM_VALUE
complexname: change
createValue amountOfFavour 0
createValues VIRTUAL_PRIM_VALUE
complexname: change
createValue step 1
createValues VIRTUAL_PRIM_VALUE
complexname: change
createValue status 
createValues VIRTUAL_PRIM_VALUE
complexname: change
createValue integerAnswer 0
createValues VIRTUAL_COMP_VALUE
complexname: change
createValues VIRTUAL_COMP_VALUE
complexname: change.Signature
createValues VIRTUAL_PRIM_VALUE
complexname: change.Participant
createValue nick Bjoern
createValues VIRTUAL_PRIM_VALUE
complexname: change.Participant
createValue mail 
createValues VIRTUAL_PRIM_VALUE
complexname: change.Participant
createValue publicKey MIGfMA0GCSqGSIb3DQEBAQUAA4GNADCBiQKBgQCTj/pKWLFZvugkf0TQps6wxju4K7oI/iwW5LxyBeAE74JgIwvocBcDnQAWUzhSaktEO5fWgEtH9wr3GvbMhNOqDX3RAX2u+b9nzL+ltqCRBojJqywwVj4HiSku9t7Sc6MkisUdE5jQvSzneml3dxUEXWjIEcwb29NpCpZpQ1Pa1QIDAQAB
createValues VIRTUAL_PRIM_VALUE
complexname: change.Signature
createValue signing 
createValues VIRTUAL_COMP_VALUE
complexname: change
createValues VIRTUAL_COMP_VALUE
complexname: change.Signature
createValues VIRTUAL_PRIM_VALUE
complexname: change.Participant
createValue nick Matthias
createValues VIRTUAL_PRIM_VALUE
complexname: change.Participant
createValue mail 
createValues VIRTUAL_PRIM_VALUE
complexname: change.Participant
createValue publicKey MIGfMA0GCSqGSIb3DQEBAQUAA4GNADCBiQKBgQCG4fKRuj6SX6lgaKtQ9pUV/2yVwFB4mq0l7DaeZkzlF/tH99vvMOD9Q0SVa0DuClcNQS8DXtKy3MU+0ax4UG8Yh8YL3C+zv7Cb3kGWsEP/dDWka+6mHhhf7ofZ6a1HZdUvj8qW4H3SDP83YP0j3QnjqCA+t4fjs8qbDu3x4r1ZkQIDAQAB
createValues VIRTUAL_PRIM_VALUE
complexname: change.Signature
createValue signing bo/sg2EkKl5zge30x0WY7CdsVj1AJvU58C+8GaPnf5X9Z5aWtNKppyaZVGGCYbH6ABcnrbMH65IgeN20JNRveQJWQXbp3DlflzE5FTzInyIpDNSx+21qcFFiGeDoKHkvzIqiQVx8vvxNYB80WJoTZHbnUG0orNpkW5BynMvDf7Q=
createValues VIRTUAL_COMP_VALUE
complexname: change
createValues VIRTUAL_COMP_VALUE
complexname: change.DutyOfClerk
createValues VIRTUAL_PRIM_VALUE
complexname: change.Participant
createValue nick Bjoern
createValues VIRTUAL_PRIM_VALUE
complexname: change.Participant
createValue mail 
createValues VIRTUAL_PRIM_VALUE
complexname: change.Participant
createValue publicKey MIGfMA0GCSqGSIb3DQEBAQUAA4GNADCBiQKBgQCTj/pKWLFZvugkf0TQps6wxju4K7oI/iwW5LxyBeAE74JgIwvocBcDnQAWUzhSaktEO5fWgEtH9wr3GvbMhNOqDX3RAX2u+b9nzL+ltqCRBojJqywwVj4HiSku9t7Sc6MkisUdE5jQvSzneml3dxUEXWjIEcwb29NpCpZpQ1Pa1QIDAQAB
createValues VIRTUAL_COMP_VALUE
complexname: change
createValues VIRTUAL_COMP_VALUE
complexname: change.DutyOfRequester
createValues VIRTUAL_PRIM_VALUE
complexname: change.Participant
createValue nick Matthias
createValues VIRTUAL_PRIM_VALUE
complexname: change.Participant
createValue mail 
createValues VIRTUAL_PRIM_VALUE
complexname: change.Participant
createValue publicKey MIGfMA0GCSqGSIb3DQEBAQUAA4GNADCBiQKBgQCG4fKRuj6SX6lgaKtQ9pUV/2yVwFB4mq0l7DaeZkzlF/tH99vvMOD9Q0SVa0DuClcNQS8DXtKy3MU+0ax4UG8Yh8YL3C+zv7Cb3kGWsEP/dDWka+6mHhhf7ofZ6a1HZdUvj8qW4H3SDP83YP0j3QnjqCA+t4fjs8qbDu3x4r1ZkQIDAQAB
ok!
MOCK stepResult: einen kern
write attribute
write attribute
write attribute
write attribute
write attribute
write attribute
write attribute
write attribute
write Integer
write ref
write equal
write ref
write query
write copy
write then
write Integer
write ref
write equal
write ref
write query
write copy
write ref
write ref
write Integer
write plus
write copy
write then
write Integer
write ref
write equal
write ref
write String
write copy
write ref
write ref
write Integer
write plus
write copy
write then
write ref
write String
write copy
write else
write if
write else
write if
write else
write if
write complexType
write attribute
write attribute
write complexType
write attribute
write Integer
write ref
write equal
write ref
write query
write copy
write ref
write Integer
write copy
write then
write Integer
write ref
write equal
write ref
write query
write copy
write Integer
write ref
write equal
write ref
write Integer
write copy
write then
write ref
write Integer
write copy
write ref
write String
write copy
write else
write if
write then
write ref
write String
write copy
write else
write if
write else
write if
write function
write call
write complexType
write attribute
write complexType
write attribute
write attribute
write attribute
write complexType
write complexType
write VIRTUAL_PRIM_VALUE
write VIRTUAL_PRIM_VALUE
write VIRTUAL_PRIM_VALUE
write VIRTUAL_PRIM_VALUE
write VIRTUAL_PRIM_VALUE
write VIRTUAL_PRIM_VALUE
write VIRTUAL_PRIM_VALUE
write VIRTUAL_COMP_VALUE
write VIRTUAL_PRIM_VALUE
write VIRTUAL_COMP_VALUE
write VIRTUAL_PRIM_VALUE
write VIRTUAL_PRIM_VALUE
write VIRTUAL_PRIM_VALUE
write VIRTUAL_COMP_VALUE
write VIRTUAL_PRIM_VALUE
write VIRTUAL_COMP_VALUE
write VIRTUAL_PRIM_VALUE
write VIRTUAL_PRIM_VALUE
write VIRTUAL_PRIM_VALUE
write VIRTUAL_COMP_VALUE
write VIRTUAL_COMP_VALUE
write VIRTUAL_PRIM_VALUE
write VIRTUAL_PRIM_VALUE
write VIRTUAL_PRIM_VALUE
write VIRTUAL_COMP_VALUE
write VIRTUAL_COMP_VALUE
write VIRTUAL_COMP_VALUE
onDragOver ok
onDragOver ok
onDragOver ok
onDragOver ok
onDragOver ok
onDragOver ok
onDragOver ok
onDragOver ok
onDragOver ok
onDragOver ok
onDragOver ok
onDragOver ok
onDragOver ok
onDragOver ok
onDragOver ok
onDragOver ok
onDragOver ok
onDragOver ok
onDragOver ok
onDragOver ok
onDragOver ok
onDragOver ok
onDragOver ok
onDragOver ok
onDragOver ok
onDragOver ok
onDragOver ok
onDragOver ok
onDragOver ok
onDragOver ok
onDragOver ok
onDragOver ok
onDragOver ok
onDragOver ok
onDragOver ok
onDragOver ok
onDragOver ok
onDragOver ok
onDragOver ok
onDragOver ok
onDragOver ok
onDragOver ok
onDragOver ok
onDragOver ok
onDragOver ok
onDragOver ok
onDragOver ok
onDragOver ok
onDragOver ok
onDragOver ok
onDragOver ok
onDragOver ok
onDragOver ok
onDragDropped
createComplexType change
Primitive.createIdentifier amountOfFavour Int ==> com.conetex.contract.lang.type.AttributePrimitive@154a42f
Primitive.createIdentifier step Int ==> com.conetex.contract.lang.type.AttributePrimitive@1b1366f
Primitive.createIdentifier integerAnswer Int ==> com.conetex.contract.lang.type.AttributePrimitive@165024e
Primitive.createIdentifier status ASCII256 ==> com.conetex.contract.lang.type.AttributePrimitive@10b099c
createAttributesValues signatureOfClerk change.Signature ==> com.conetex.contract.lang.type.AttributeComplex@172b34e
createAttributesValues signatureOfRequester change.Signature ==> com.conetex.contract.lang.type.AttributeComplex@102edc1
createAttributesValues dutyOfClerk change.DutyOfClerk ==> com.conetex.contract.lang.type.AttributeComplex@12f41d
createAttributesValues dutyOfRequester change.DutyOfRequester ==> com.conetex.contract.lang.type.AttributeComplex@1944a6a
createComplexType change.Signature
createAttributesValues participant change.Participant ==> com.conetex.contract.lang.type.AttributeComplex@17c69d5
Primitive.createIdentifier signing Base64(1024) ==> com.conetex.contract.lang.type.AttributePrimitive@1e0e8de
createComplexType change.DutyOfClerk.todo
Primitive.createIdentifier param Int ==> com.conetex.contract.lang.type.AttributePrimitive@4550e3
createComplexType change.Duty
createAttributesValues participant change.Participant ==> com.conetex.contract.lang.type.AttributeComplex@161995b
create complex child change.DutyOfClerk
createComplexType change.DutyOfClerk
createAttributesValues change.DutyOfClerk.todo change.DutyOfClerk.todo ==> com.conetex.contract.lang.type.AttributeComplex@1f162e3
create complex child change.DutyOfRequester
createComplexType change.DutyOfRequester
createComplexType change.Participant
Primitive.createIdentifier nick ASCII(32) ==> com.conetex.contract.lang.type.AttributePrimitive@1e1c0db
Primitive.createIdentifier mail ASCII(32) ==> com.conetex.contract.lang.type.AttributePrimitive@1af404c
Primitive.createIdentifier publicKey Base64(256) ==> com.conetex.contract.lang.type.AttributePrimitive@4db1e3
Builder contract
complexname: change.DutyOfClerk.todo
complexname: change.DutyOfClerk
complexname: change
complexname: change.DutyOfClerk.todo
complexname: change.DutyOfClerk
complexname: change
complexname: change.DutyOfClerk.todo
complexname: change.DutyOfClerk
complexname: change
complexname: change.DutyOfClerk.todo
complexname: change.DutyOfClerk
complexname: change
complexname: change.DutyOfClerk.todo
complexname: change.DutyOfClerk
complexname: change
complexname: change.DutyOfClerk.todo
complexname: change.DutyOfClerk
complexname: change
complexname: change.DutyOfClerk.todo
complexname: change.DutyOfClerk
complexname: change
complexname: change.DutyOfClerk.todo
complexname: change.DutyOfClerk
complexname: change
complexname: change.DutyOfClerk.todo
complexname: change.DutyOfClerk
complexname: change
complexname: change.DutyOfClerk.todo
complexname: change.DutyOfClerk
complexname: change
complexname: change.DutyOfRequester
complexname: change
complexname: change.DutyOfRequester
complexname: change
complexname: change.DutyOfRequester
complexname: change
complexname: change.DutyOfRequester
complexname: change
complexname: change.DutyOfRequester
complexname: change
complexname: change.DutyOfRequester
complexname: change
complexname: change.DutyOfRequester
complexname: change
complexname: change.DutyOfRequester
complexname: change
complexname: change.DutyOfRequester
complexname: change
complexname: change.DutyOfRequester
complexname: change
complexname: change.DutyOfRequester
complexname: change
createValues VIRTUAL_PRIM_VALUE
complexname: change
createValue amountOfFavour 0
createValues VIRTUAL_PRIM_VALUE
complexname: change
createValue step 3
createValues VIRTUAL_PRIM_VALUE
complexname: change
createValue integerAnswer 0
createValues VIRTUAL_PRIM_VALUE
complexname: change
createValue status 21543
createValues VIRTUAL_COMP_VALUE
complexname: change
createValues VIRTUAL_COMP_VALUE
complexname: change.Signature
createValues VIRTUAL_PRIM_VALUE
complexname: change.Participant
createValue nick Bjoern
createValues VIRTUAL_PRIM_VALUE
complexname: change.Participant
createValue mail 
createValues VIRTUAL_PRIM_VALUE
complexname: change.Participant
createValue publicKey MIGfMA0GCSqGSIb3DQEBAQUAA4GNADCBiQKBgQCTj/pKWLFZvugkf0TQps6wxju4K7oI/iwW5LxyBeAE74JgIwvocBcDnQAWUzhSaktEO5fWgEtH9wr3GvbMhNOqDX3RAX2u+b9nzL+ltqCRBojJqywwVj4HiSku9t7Sc6MkisUdE5jQvSzneml3dxUEXWjIEcwb29NpCpZpQ1Pa1QIDAQAB
createValues VIRTUAL_PRIM_VALUE
complexname: change.Signature
createValue signing DOyLLUE05CaNcQJdjTy4DzyHy3TMWS5wZiii2OgjhgMu1PB3fKMCBpGpLQC1HeHd6q2eI2DyLTps6KgaxNbelISh9julIxCG9oy/nuEyH4vm96DH1kym4RvFT90HdWDuBwydJQO8RuuACJZS34gVR6uQIfGfqzY8VcYXufM9458=
createValues VIRTUAL_COMP_VALUE
complexname: change
createValues VIRTUAL_COMP_VALUE
complexname: change.Signature
createValues VIRTUAL_PRIM_VALUE
complexname: change.Participant
createValue nick Matthias
createValues VIRTUAL_PRIM_VALUE
complexname: change.Participant
createValue mail 
createValues VIRTUAL_PRIM_VALUE
complexname: change.Participant
createValue publicKey MIGfMA0GCSqGSIb3DQEBAQUAA4GNADCBiQKBgQCG4fKRuj6SX6lgaKtQ9pUV/2yVwFB4mq0l7DaeZkzlF/tH99vvMOD9Q0SVa0DuClcNQS8DXtKy3MU+0ax4UG8Yh8YL3C+zv7Cb3kGWsEP/dDWka+6mHhhf7ofZ6a1HZdUvj8qW4H3SDP83YP0j3QnjqCA+t4fjs8qbDu3x4r1ZkQIDAQAB
createValues VIRTUAL_PRIM_VALUE
complexname: change.Signature
createValue signing QKJQDgnzkMuzRso19o4oLq2og4fN7+7JqnWQQQly1y8EiJShTLomoeL07+UhjE8SHa4pyM/sc0U7fBZBmDqBL/nM3/iSccciLdF3IBkzEHJkH+5SF5SIHhnI3hf2UdctjVhTGAqH2Qz0fezza0Pvxqf8gMxRKrH8fc8+qQFNOG4=
createValues VIRTUAL_COMP_VALUE
complexname: change
createValues VIRTUAL_COMP_VALUE
complexname: change.DutyOfClerk
createValues VIRTUAL_PRIM_VALUE
complexname: change.Participant
createValue nick Bjoern
createValues VIRTUAL_PRIM_VALUE
complexname: change.Participant
createValue mail 
createValues VIRTUAL_PRIM_VALUE
complexname: change.Participant
createValue publicKey MIGfMA0GCSqGSIb3DQEBAQUAA4GNADCBiQKBgQCTj/pKWLFZvugkf0TQps6wxju4K7oI/iwW5LxyBeAE74JgIwvocBcDnQAWUzhSaktEO5fWgEtH9wr3GvbMhNOqDX3RAX2u+b9nzL+ltqCRBojJqywwVj4HiSku9t7Sc6MkisUdE5jQvSzneml3dxUEXWjIEcwb29NpCpZpQ1Pa1QIDAQAB
createValues VIRTUAL_COMP_VALUE
complexname: change
createValues VIRTUAL_COMP_VALUE
complexname: change.DutyOfRequester
createValues VIRTUAL_PRIM_VALUE
complexname: change.Participant
createValue nick Matthias
createValues VIRTUAL_PRIM_VALUE
complexname: change.Participant
createValue mail 
createValues VIRTUAL_PRIM_VALUE
complexname: change.Participant
createValue publicKey MIGfMA0GCSqGSIb3DQEBAQUAA4GNADCBiQKBgQCG4fKRuj6SX6lgaKtQ9pUV/2yVwFB4mq0l7DaeZkzlF/tH99vvMOD9Q0SVa0DuClcNQS8DXtKy3MU+0ax4UG8Yh8YL3C+zv7Cb3kGWsEP/dDWka+6mHhhf7ofZ6a1HZdUvj8qW4H3SDP83YP0j3QnjqCA+t4fjs8qbDu3x4r1ZkQIDAQAB
Selected Text : value status
Selected Text : value step
Selected Text : value integerAnswer
Selected Text : value status
Selected Text : value amountOfFavour
Selected Text : value step
Selected Text : value integerAnswer
Selected Text : value status
Selected Text : value amountOfFavour
ok!
MOCK stepResult: null
MOCK stepResult: 1
write attribute
write attribute
write attribute
write attribute
write attribute
write attribute
write attribute
write attribute
write Integer
write ref
write equal
write ref
write query
write copy
write then
write Integer
write ref
write equal
write ref
write query
write copy
write ref
write ref
write Integer
write plus
write copy
write then
write Integer
write ref
write equal
write ref
write String
write copy
write ref
write ref
write Integer
write plus
write copy
write then
write ref
write String
write copy
write else
write if
write else
write if
write else
write if
write complexType
write attribute
write attribute
write complexType
write attribute
write Integer
write ref
write equal
write ref
write query
write copy
write ref
write Integer
write copy
write then
write Integer
write ref
write equal
write ref
write query
write copy
write Integer
write ref
write equal
write ref
write Integer
write copy
write then
write ref
write Integer
write copy
write ref
write String
write copy
write else
write if
write then
write ref
write String
write copy
write else
write if
write else
write if
write function
write call
write complexType
write attribute
write complexType
write attribute
write attribute
write attribute
write complexType
write complexType
write VIRTUAL_PRIM_VALUE
write VIRTUAL_PRIM_VALUE
write VIRTUAL_PRIM_VALUE
write VIRTUAL_PRIM_VALUE
write VIRTUAL_PRIM_VALUE
write VIRTUAL_PRIM_VALUE
write VIRTUAL_PRIM_VALUE
write VIRTUAL_COMP_VALUE
write VIRTUAL_PRIM_VALUE
write VIRTUAL_COMP_VALUE
write VIRTUAL_PRIM_VALUE
write VIRTUAL_PRIM_VALUE
write VIRTUAL_PRIM_VALUE
write VIRTUAL_COMP_VALUE
write VIRTUAL_PRIM_VALUE
write VIRTUAL_COMP_VALUE
write VIRTUAL_PRIM_VALUE
write VIRTUAL_PRIM_VALUE
write VIRTUAL_PRIM_VALUE
write VIRTUAL_COMP_VALUE
write VIRTUAL_COMP_VALUE
write VIRTUAL_PRIM_VALUE
write VIRTUAL_PRIM_VALUE
write VIRTUAL_PRIM_VALUE
write VIRTUAL_COMP_VALUE
write VIRTUAL_COMP_VALUE
write VIRTUAL_COMP_VALUE
ok!
MOCK stepResult: asdf
MOCK stepResult: 2
write attribute
write attribute
write attribute
write attribute
write attribute
write attribute
write attribute
write attribute
write Integer
write ref
write equal
write ref
write query
write copy
write then
write Integer
write ref
write equal
write ref
write query
write copy
write ref
write ref
write Integer
write plus
write copy
write then
write Integer
write ref
write equal
write ref
write String
write copy
write ref
write ref
write Integer
write plus
write copy
write then
write ref
write String
write copy
write else
write if
write else
write if
write else
write if
write complexType
write attribute
write attribute
write complexType
write attribute
write Integer
write ref
write equal
write ref
write query
write copy
write ref
write Integer
write copy
write then
write Integer
write ref
write equal
write ref
write query
write copy
write Integer
write ref
write equal
write ref
write Integer
write copy
write then
write ref
write Integer
write copy
write ref
write String
write copy
write else
write if
write then
write ref
write String
write copy
write else
write if
write else
write if
write function
write call
write complexType
write attribute
write complexType
write attribute
write attribute
write attribute
write complexType
write complexType
write VIRTUAL_PRIM_VALUE
write VIRTUAL_PRIM_VALUE
write VIRTUAL_PRIM_VALUE
write VIRTUAL_PRIM_VALUE
write VIRTUAL_PRIM_VALUE
write VIRTUAL_PRIM_VALUE
write VIRTUAL_PRIM_VALUE
write VIRTUAL_COMP_VALUE
write VIRTUAL_PRIM_VALUE
write VIRTUAL_COMP_VALUE
write VIRTUAL_PRIM_VALUE
write VIRTUAL_PRIM_VALUE
write VIRTUAL_PRIM_VALUE
write VIRTUAL_COMP_VALUE
write VIRTUAL_PRIM_VALUE
write VIRTUAL_COMP_VALUE
write VIRTUAL_PRIM_VALUE
write VIRTUAL_PRIM_VALUE
write VIRTUAL_PRIM_VALUE
write VIRTUAL_COMP_VALUE
write VIRTUAL_COMP_VALUE
write VIRTUAL_PRIM_VALUE
write VIRTUAL_PRIM_VALUE
write VIRTUAL_PRIM_VALUE
write VIRTUAL_COMP_VALUE
write VIRTUAL_COMP_VALUE
write VIRTUAL_COMP_VALUE
