onDragOver ok
onDragOver ok
onDragOver ok
onDragOver ok
onDragOver ok
onDragOver ok
onDragOver ok
onDragOver ok
onDragOver ok
onDragOver ok
onDragOver ok
onDragOver ok
onDragOver ok
onDragOver ok
onDragOver ok
onDragOver ok
onDragOver ok
onDragOver ok
onDragOver ok
onDragOver ok
onDragOver ok
onDragOver ok
onDragOver ok
onDragDropped
createComplexType change
Primitive.createIdentifier amountOfFavour Int ==> com.conetex.contract.lang.type.AttributePrimitive@65493df1
Primitive.createIdentifier step Int ==> com.conetex.contract.lang.type.AttributePrimitive@656b1acc
Primitive.createIdentifier integerAnswer Int ==> com.conetex.contract.lang.type.AttributePrimitive@f4c5d7c
Primitive.createIdentifier status ASCII256 ==> com.conetex.contract.lang.type.AttributePrimitive@59a620a
createAttributesValues signatureOfClerk change.Signature ==> com.conetex.contract.lang.type.AttributeComplex@7f49858f
createAttributesValues signatureOfRequester change.Signature ==> com.conetex.contract.lang.type.AttributeComplex@2915325e
createAttributesValues dutyOfClerk change.DutyOfClerk ==> com.conetex.contract.lang.type.AttributeComplex@44cac8ae
createAttributesValues dutyOfRequester change.DutyOfRequester ==> com.conetex.contract.lang.type.AttributeComplex@140c062a
createComplexType change.Signature
createAttributesValues participant change.Participant ==> com.conetex.contract.lang.type.AttributeComplex@41898397
Primitive.createIdentifier signing Base64(1024) ==> com.conetex.contract.lang.type.AttributePrimitive@7bbf6860
createComplexType change.DutyOfClerk.todo
Primitive.createIdentifier param Int ==> com.conetex.contract.lang.type.AttributePrimitive@49bf33b2
createComplexType change.Duty
createAttributesValues participant change.Participant ==> com.conetex.contract.lang.type.AttributeComplex@44278429
create complex child change.DutyOfClerk
createComplexType change.DutyOfClerk
createAttributesValues change.DutyOfClerk.todo change.DutyOfClerk.todo ==> com.conetex.contract.lang.type.AttributeComplex@417de8bd
create complex child change.DutyOfRequester
createComplexType change.DutyOfRequester
createComplexType change.Participant
Primitive.createIdentifier nick ASCII(32) ==> com.conetex.contract.lang.type.AttributePrimitive@7113edab
Primitive.createIdentifier mail ASCII(32) ==> com.conetex.contract.lang.type.AttributePrimitive@9ed296c
Primitive.createIdentifier publicKey Base64(256) ==> com.conetex.contract.lang.type.AttributePrimitive@27fb00ec
Builder contract
complexname: change.DutyOfClerk.todo
complexname: change.DutyOfClerk
complexname: change
complexname: change.DutyOfClerk.todo
complexname: change.DutyOfClerk
complexname: change
complexname: change.DutyOfClerk.todo
complexname: change.DutyOfClerk
complexname: change
complexname: change.DutyOfClerk.todo
complexname: change.DutyOfClerk
complexname: change
complexname: change.DutyOfClerk.todo
complexname: change.DutyOfClerk
complexname: change
complexname: change.DutyOfClerk.todo
complexname: change.DutyOfClerk
complexname: change
complexname: change.DutyOfClerk.todo
complexname: change.DutyOfClerk
complexname: change
complexname: change.DutyOfClerk.todo
complexname: change.DutyOfClerk
complexname: change
complexname: change.DutyOfRequester
complexname: change
complexname: change.DutyOfRequester
complexname: change
complexname: change.DutyOfRequester
complexname: change
complexname: change.DutyOfRequester
complexname: change
complexname: change.DutyOfRequester
complexname: change
complexname: change.DutyOfRequester
complexname: change
complexname: change.DutyOfRequester
complexname: change
complexname: change.DutyOfRequester
complexname: change
complexname: change.DutyOfRequester
complexname: change
complexname: change.DutyOfRequester
complexname: change
complexname: change.DutyOfRequester
complexname: change
complexname: change.DutyOfRequester
complexname: change
complexname: change.DutyOfRequester
complexname: change
complexname: change.DutyOfRequester
complexname: change
complexname: change.DutyOfRequester
complexname: change
createValues VIRTUAL_PRIM_VALUE
complexname: change
createValue amountOfFavour 1
createValues VIRTUAL_PRIM_VALUE
complexname: change
createValue step 45
createValues VIRTUAL_PRIM_VALUE
complexname: change
createValue integerAnswer 0
createValues VIRTUAL_PRIM_VALUE
complexname: change
createValue status your docu is not vaild!
createValues VIRTUAL_COMP_VALUE
complexname: change
createValues VIRTUAL_COMP_VALUE
complexname: change.Signature
createValues VIRTUAL_PRIM_VALUE
complexname: change.Participant
createValue nick Bjoern
createValues VIRTUAL_PRIM_VALUE
complexname: change.Participant
createValue mail 
createValues VIRTUAL_PRIM_VALUE
complexname: change.Participant
createValue publicKey MIGfMA0GCSqGSIb3DQEBAQUAA4GNADCBiQKBgQCTj/pKWLFZvugkf0TQps6wxju4K7oI/iwW5LxyBeAE74JgIwvocBcDnQAWUzhSaktEO5fWgEtH9wr3GvbMhNOqDX3RAX2u+b9nzL+ltqCRBojJqywwVj4HiSku9t7Sc6MkisUdE5jQvSzneml3dxUEXWjIEcwb29NpCpZpQ1Pa1QIDAQAB
createValues VIRTUAL_PRIM_VALUE
complexname: change.Signature
createValue signing YiuyQeTwRZpeR7sQ3hmdtPYPFchmES0yZ5KFXHm3pyfp6tu8nbtrtqNkTYf+WE8A06thiFrUum1CPPET2UrHKEZqcnM1LgcTffxOFMY6s/fmUM1q4897yeQ83z/+fDRSza2rha64fVyMAzfuu/jZIAXGBe3HbtyeKBkQEaNeJlI=
createValues VIRTUAL_COMP_VALUE
complexname: change
createValues VIRTUAL_COMP_VALUE
complexname: change.Signature
createValues VIRTUAL_PRIM_VALUE
complexname: change.Participant
createValue nick Matthias
createValues VIRTUAL_PRIM_VALUE
complexname: change.Participant
createValue mail 
createValues VIRTUAL_PRIM_VALUE
complexname: change.Participant
createValue publicKey MIGfMA0GCSqGSIb3DQEBAQUAA4GNADCBiQKBgQCG4fKRuj6SX6lgaKtQ9pUV/2yVwFB4mq0l7DaeZkzlF/tH99vvMOD9Q0SVa0DuClcNQS8DXtKy3MU+0ax4UG8Yh8YL3C+zv7Cb3kGWsEP/dDWka+6mHhhf7ofZ6a1HZdUvj8qW4H3SDP83YP0j3QnjqCA+t4fjs8qbDu3x4r1ZkQIDAQAB
createValues VIRTUAL_PRIM_VALUE
complexname: change.Signature
createValue signing FUj55vqs820BLZ8yYPXrFB0DUT5ecW0XOaDCRSF3ZFV9byXoxefF3i7IGK8FbUAey5DlXomcGd6rZRocnDZKhPY9uxZnDV3I8yv4qcJpdNYmkdDF2eRxTsBIwWgO3rgD0v4nj+zxXV8PL1FJtH+HYKVHsnS6BT9+57Z29U/sMno=
createValues VIRTUAL_COMP_VALUE
complexname: change
createValues VIRTUAL_COMP_VALUE
complexname: change.DutyOfClerk
createValues VIRTUAL_PRIM_VALUE
complexname: change.Participant
createValue nick Bjoern
createValues VIRTUAL_PRIM_VALUE
complexname: change.Participant
createValue mail 
createValues VIRTUAL_PRIM_VALUE
complexname: change.Participant
createValue publicKey MIGfMA0GCSqGSIb3DQEBAQUAA4GNADCBiQKBgQCTj/pKWLFZvugkf0TQps6wxju4K7oI/iwW5LxyBeAE74JgIwvocBcDnQAWUzhSaktEO5fWgEtH9wr3GvbMhNOqDX3RAX2u+b9nzL+ltqCRBojJqywwVj4HiSku9t7Sc6MkisUdE5jQvSzneml3dxUEXWjIEcwb29NpCpZpQ1Pa1QIDAQAB
createValues VIRTUAL_COMP_VALUE
complexname: change
createValues VIRTUAL_COMP_VALUE
complexname: change.DutyOfRequester
createValues VIRTUAL_PRIM_VALUE
complexname: change.Participant
createValue nick Matthias
createValues VIRTUAL_PRIM_VALUE
complexname: change.Participant
createValue mail 
createValues VIRTUAL_PRIM_VALUE
complexname: change.Participant
createValue publicKey MIGfMA0GCSqGSIb3DQEBAQUAA4GNADCBiQKBgQCG4fKRuj6SX6lgaKtQ9pUV/2yVwFB4mq0l7DaeZkzlF/tH99vvMOD9Q0SVa0DuClcNQS8DXtKy3MU+0ax4UG8Yh8YL3C+zv7Cb3kGWsEP/dDWka+6mHhhf7ofZ6a1HZdUvj8qW4H3SDP83YP0j3QnjqCA+t4fjs8qbDu3x4r1ZkQIDAQAB
ok!
MOCK stepResult: nagut
MOCK stepResult: 2
write attribute
write attribute
write attribute
write attribute
write attribute
write attribute
write attribute
write attribute
write Integer
write ref
write equal
write ref
write query
write copy
write then
write Integer
write ref
write equal
write ref
write query
write copy
write ref
write ref
write Integer
write plus
write copy
write then
write Integer
write ref
write equal
write ref
write query
write copy
write ref
write ref
write Integer
write plus
write copy
write then
write Integer
write ref
write equal
write ref
write String
write copy
write ref
write ref
write Integer
write plus
write copy
write then
write ref
write String
write copy
write else
write if
write else
write if
write else
write if
write else
write if
write complexType
write attribute
write attribute
write complexType
write attribute
write Integer
write ref
write equal
write ref
write query
write copy
write ref
write Integer
write copy
write then
write Integer
write ref
write equal
write ref
write query
write copy
write ref
write Integer
write copy
write then
write ref
write String
write copy
write ref
write Integer
write copy
write else
write if
write else
write if
write function
write call
write complexType
write attribute
write complexType
write attribute
write attribute
write attribute
write complexType
write complexType
write VIRTUAL_PRIM_VALUE
write VIRTUAL_PRIM_VALUE
write VIRTUAL_PRIM_VALUE
write VIRTUAL_PRIM_VALUE
write VIRTUAL_PRIM_VALUE
write VIRTUAL_PRIM_VALUE
write VIRTUAL_PRIM_VALUE
write VIRTUAL_COMP_VALUE
write VIRTUAL_PRIM_VALUE
write VIRTUAL_COMP_VALUE
write VIRTUAL_PRIM_VALUE
write VIRTUAL_PRIM_VALUE
write VIRTUAL_PRIM_VALUE
write VIRTUAL_COMP_VALUE
write VIRTUAL_PRIM_VALUE
write VIRTUAL_COMP_VALUE
write VIRTUAL_PRIM_VALUE
write VIRTUAL_PRIM_VALUE
write VIRTUAL_PRIM_VALUE
write VIRTUAL_COMP_VALUE
write VIRTUAL_COMP_VALUE
write VIRTUAL_PRIM_VALUE
write VIRTUAL_PRIM_VALUE
write VIRTUAL_PRIM_VALUE
write VIRTUAL_COMP_VALUE
write VIRTUAL_COMP_VALUE
write VIRTUAL_COMP_VALUE
onDragOver ok
onDragOver ok
onDragOver ok
onDragOver ok
onDragOver ok
onDragOver ok
onDragOver ok
onDragOver ok
onDragOver ok
onDragOver ok
onDragOver ok
onDragOver ok
onDragOver ok
onDragOver ok
onDragOver ok
onDragOver ok
onDragOver ok
onDragOver ok
onDragOver ok
onDragOver ok
onDragOver ok
onDragOver ok
onDragDropped
createComplexType change
Primitive.createIdentifier amountOfFavour Int ==> com.conetex.contract.lang.type.AttributePrimitive@34e3414c
Primitive.createIdentifier step Int ==> com.conetex.contract.lang.type.AttributePrimitive@2bedadd
Primitive.createIdentifier integerAnswer Int ==> com.conetex.contract.lang.type.AttributePrimitive@58a59bc7
Primitive.createIdentifier status ASCII256 ==> com.conetex.contract.lang.type.AttributePrimitive@1a029f69
createAttributesValues signatureOfClerk change.Signature ==> com.conetex.contract.lang.type.AttributeComplex@34454444
createAttributesValues signatureOfRequester change.Signature ==> com.conetex.contract.lang.type.AttributeComplex@40d91823
createAttributesValues dutyOfClerk change.DutyOfClerk ==> com.conetex.contract.lang.type.AttributeComplex@3456d85c
createAttributesValues dutyOfRequester change.DutyOfRequester ==> com.conetex.contract.lang.type.AttributeComplex@3a21f068
createComplexType change.Signature
createAttributesValues participant change.Participant ==> com.conetex.contract.lang.type.AttributeComplex@2458e40c
Primitive.createIdentifier signing Base64(1024) ==> com.conetex.contract.lang.type.AttributePrimitive@2c48e8a4
createComplexType change.DutyOfClerk.todo
Primitive.createIdentifier param Int ==> com.conetex.contract.lang.type.AttributePrimitive@2e5e5149
createComplexType change.Duty
createAttributesValues participant change.Participant ==> com.conetex.contract.lang.type.AttributeComplex@1b49465a
create complex child change.DutyOfClerk
createComplexType change.DutyOfClerk
createAttributesValues change.DutyOfClerk.todo change.DutyOfClerk.todo ==> com.conetex.contract.lang.type.AttributeComplex@7852a9bb
create complex child change.DutyOfRequester
createComplexType change.DutyOfRequester
createComplexType change.Participant
Primitive.createIdentifier nick ASCII(32) ==> com.conetex.contract.lang.type.AttributePrimitive@13b473dd
Primitive.createIdentifier mail ASCII(32) ==> com.conetex.contract.lang.type.AttributePrimitive@4fbcbcfb
Primitive.createIdentifier publicKey Base64(256) ==> com.conetex.contract.lang.type.AttributePrimitive@1e1648c0
Builder contract
complexname: change.DutyOfClerk.todo
complexname: change.DutyOfClerk
complexname: change
complexname: change.DutyOfClerk.todo
complexname: change.DutyOfClerk
complexname: change
complexname: change.DutyOfClerk.todo
complexname: change.DutyOfClerk
complexname: change
complexname: change.DutyOfClerk.todo
complexname: change.DutyOfClerk
complexname: change
complexname: change.DutyOfClerk.todo
complexname: change.DutyOfClerk
complexname: change
complexname: change.DutyOfClerk.todo
complexname: change.DutyOfClerk
complexname: change
complexname: change.DutyOfClerk.todo
complexname: change.DutyOfClerk
complexname: change
complexname: change.DutyOfClerk.todo
complexname: change.DutyOfClerk
complexname: change
complexname: change.DutyOfRequester
complexname: change
complexname: change.DutyOfRequester
complexname: change
complexname: change.DutyOfRequester
complexname: change
complexname: change.DutyOfRequester
complexname: change
complexname: change.DutyOfRequester
complexname: change
complexname: change.DutyOfRequester
complexname: change
complexname: change.DutyOfRequester
complexname: change
complexname: change.DutyOfRequester
complexname: change
complexname: change.DutyOfRequester
complexname: change
complexname: change.DutyOfRequester
complexname: change
complexname: change.DutyOfRequester
complexname: change
complexname: change.DutyOfRequester
complexname: change
complexname: change.DutyOfRequester
complexname: change
complexname: change.DutyOfRequester
complexname: change
complexname: change.DutyOfRequester
complexname: change
createValues VIRTUAL_PRIM_VALUE
complexname: change
createValue amountOfFavour 2
createValues VIRTUAL_PRIM_VALUE
complexname: change
createValue step 5
createValues VIRTUAL_PRIM_VALUE
complexname: change
createValue integerAnswer 0
createValues VIRTUAL_PRIM_VALUE
complexname: change
createValue status OK!
createValues VIRTUAL_COMP_VALUE
complexname: change
createValues VIRTUAL_COMP_VALUE
complexname: change.Signature
createValues VIRTUAL_PRIM_VALUE
complexname: change.Participant
createValue nick Bjoern
createValues VIRTUAL_PRIM_VALUE
complexname: change.Participant
createValue mail 
createValues VIRTUAL_PRIM_VALUE
complexname: change.Participant
createValue publicKey MIGfMA0GCSqGSIb3DQEBAQUAA4GNADCBiQKBgQCTj/pKWLFZvugkf0TQps6wxju4K7oI/iwW5LxyBeAE74JgIwvocBcDnQAWUzhSaktEO5fWgEtH9wr3GvbMhNOqDX3RAX2u+b9nzL+ltqCRBojJqywwVj4HiSku9t7Sc6MkisUdE5jQvSzneml3dxUEXWjIEcwb29NpCpZpQ1Pa1QIDAQAB
createValues VIRTUAL_PRIM_VALUE
complexname: change.Signature
createValue signing OM1fO1VHFGrUKJsD4/TUCEl48YSwhhWgxtnFM5eQGwB4fYyDD2qS3hNqZopKl1PT+U+U4uWzc+HN97t1dTkBj7p4d8REJQnGza8tpGSH5yZXi6enaaID2clXMJziWtp18ZQ0ZtBM8PXjGegDGucZIAt0zkUG0Fhug0U3oPj72bw=
createValues VIRTUAL_COMP_VALUE
complexname: change
createValues VIRTUAL_COMP_VALUE
complexname: change.Signature
createValues VIRTUAL_PRIM_VALUE
complexname: change.Participant
createValue nick Matthias
createValues VIRTUAL_PRIM_VALUE
complexname: change.Participant
createValue mail 
createValues VIRTUAL_PRIM_VALUE
complexname: change.Participant
createValue publicKey MIGfMA0GCSqGSIb3DQEBAQUAA4GNADCBiQKBgQCG4fKRuj6SX6lgaKtQ9pUV/2yVwFB4mq0l7DaeZkzlF/tH99vvMOD9Q0SVa0DuClcNQS8DXtKy3MU+0ax4UG8Yh8YL3C+zv7Cb3kGWsEP/dDWka+6mHhhf7ofZ6a1HZdUvj8qW4H3SDP83YP0j3QnjqCA+t4fjs8qbDu3x4r1ZkQIDAQAB
createValues VIRTUAL_PRIM_VALUE
complexname: change.Signature
createValue signing JkJhfbEzaKIgrNWWmvh5NrhYf4TJy97cR62C3a7AiSbVF7XJ/tPA3h1ae35M7LIVoDPV1XR+KPirL6vZ8oB5U7Ubutx4w1cxpD61NfRgSYk70dw1UoXiktrrPMESW/9Duanor3WzdW43QCAjo5u5WZcvGh4UQC1dqfZnK4GbC/M=
createValues VIRTUAL_COMP_VALUE
complexname: change
createValues VIRTUAL_COMP_VALUE
complexname: change.DutyOfClerk
createValues VIRTUAL_PRIM_VALUE
complexname: change.Participant
createValue nick Bjoern
createValues VIRTUAL_PRIM_VALUE
complexname: change.Participant
createValue mail 
createValues VIRTUAL_PRIM_VALUE
complexname: change.Participant
createValue publicKey MIGfMA0GCSqGSIb3DQEBAQUAA4GNADCBiQKBgQCTj/pKWLFZvugkf0TQps6wxju4K7oI/iwW5LxyBeAE74JgIwvocBcDnQAWUzhSaktEO5fWgEtH9wr3GvbMhNOqDX3RAX2u+b9nzL+ltqCRBojJqywwVj4HiSku9t7Sc6MkisUdE5jQvSzneml3dxUEXWjIEcwb29NpCpZpQ1Pa1QIDAQAB
createValues VIRTUAL_COMP_VALUE
complexname: change
createValues VIRTUAL_COMP_VALUE
complexname: change.DutyOfRequester
createValues VIRTUAL_PRIM_VALUE
complexname: change.Participant
createValue nick Matthias
createValues VIRTUAL_PRIM_VALUE
complexname: change.Participant
createValue mail 
createValues VIRTUAL_PRIM_VALUE
complexname: change.Participant
createValue publicKey MIGfMA0GCSqGSIb3DQEBAQUAA4GNADCBiQKBgQCG4fKRuj6SX6lgaKtQ9pUV/2yVwFB4mq0l7DaeZkzlF/tH99vvMOD9Q0SVa0DuClcNQS8DXtKy3MU+0ax4UG8Yh8YL3C+zv7Cb3kGWsEP/dDWka+6mHhhf7ofZ6a1HZdUvj8qW4H3SDP83YP0j3QnjqCA+t4fjs8qbDu3x4r1ZkQIDAQAB
MOCK stepResult: 5. End of process! Thanks! I owe you a coffee!
MOCK stepResult: 3
write attribute
write attribute
write attribute
write attribute
write attribute
write attribute
write attribute
write attribute
write Integer
write ref
write equal
write ref
write query
write copy
write then
write Integer
write ref
write equal
write ref
write query
write copy
write ref
write ref
write Integer
write plus
write copy
write then
write Integer
write ref
write equal
write ref
write query
write copy
write ref
write ref
write Integer
write plus
write copy
write then
write Integer
write ref
write equal
write ref
write String
write copy
write ref
write ref
write Integer
write plus
write copy
write then
write ref
write String
write copy
write else
write if
write else
write if
write else
write if
write else
write if
write complexType
write attribute
write attribute
write complexType
write attribute
write Integer
write ref
write equal
write ref
write query
write copy
write ref
write Integer
write copy
write then
write Integer
write ref
write equal
write ref
write query
write copy
write ref
write Integer
write copy
write then
write ref
write String
write copy
write ref
write Integer
write copy
write else
write if
write else
write if
write function
write call
write complexType
write attribute
write complexType
write attribute
write attribute
write attribute
write complexType
write complexType
write VIRTUAL_PRIM_VALUE
write VIRTUAL_PRIM_VALUE
write VIRTUAL_PRIM_VALUE
write VIRTUAL_PRIM_VALUE
write VIRTUAL_PRIM_VALUE
write VIRTUAL_PRIM_VALUE
write VIRTUAL_PRIM_VALUE
write VIRTUAL_COMP_VALUE
write VIRTUAL_PRIM_VALUE
write VIRTUAL_COMP_VALUE
write VIRTUAL_PRIM_VALUE
write VIRTUAL_PRIM_VALUE
write VIRTUAL_PRIM_VALUE
write VIRTUAL_COMP_VALUE
write VIRTUAL_PRIM_VALUE
write VIRTUAL_COMP_VALUE
write VIRTUAL_PRIM_VALUE
write VIRTUAL_PRIM_VALUE
write VIRTUAL_PRIM_VALUE
write VIRTUAL_COMP_VALUE
write VIRTUAL_COMP_VALUE
write VIRTUAL_PRIM_VALUE
write VIRTUAL_PRIM_VALUE
write VIRTUAL_PRIM_VALUE
write VIRTUAL_COMP_VALUE
write VIRTUAL_COMP_VALUE
write VIRTUAL_COMP_VALUE
