onDragOver ok
onDragOver ok
onDragOver ok
onDragOver ok
onDragOver ok
onDragOver ok
onDragOver ok
onDragOver ok
onDragOver ok
onDragOver ok
onDragOver ok
onDragOver ok
onDragOver ok
onDragOver ok
onDragOver ok
onDragOver ok
onDragOver ok
onDragOver ok
onDragOver ok
onDragOver ok
onDragOver ok
onDragOver ok
onDragOver ok
onDragOver ok
onDragOver ok
onDragOver ok
onDragOver ok
onDragOver ok
onDragOver ok
onDragOver ok
onDragOver ok
onDragOver ok
onDragOver ok
onDragDropped
createComplexType change
Primitive.createIdentifier amountOfFavour Int ==> com.conetex.contract.lang.type.AttributePrimitive@4175b130
Primitive.createIdentifier step Int ==> com.conetex.contract.lang.type.AttributePrimitive@4d42f6f8
Primitive.createIdentifier integerAnswer Int ==> com.conetex.contract.lang.type.AttributePrimitive@13471dd9
Primitive.createIdentifier status ASCII256 ==> com.conetex.contract.lang.type.AttributePrimitive@20521ba0
createAttributesValues signatureOfClerk change.Signature ==> com.conetex.contract.lang.type.AttributeComplex@2f2a8d98
createAttributesValues signatureOfRequester change.Signature ==> com.conetex.contract.lang.type.AttributeComplex@e955ac7
createAttributesValues dutyOfClerk change.DutyOfClerk ==> com.conetex.contract.lang.type.AttributeComplex@5677fc31
createAttributesValues dutyOfRequester change.DutyOfRequester ==> com.conetex.contract.lang.type.AttributeComplex@4281cdf6
createComplexType change.Signature
createAttributesValues participant change.Participant ==> com.conetex.contract.lang.type.AttributeComplex@38069410
Primitive.createIdentifier signing Base64(1024) ==> com.conetex.contract.lang.type.AttributePrimitive@4cb26452
createComplexType change.DutyOfClerk.todo
Primitive.createIdentifier param Int ==> com.conetex.contract.lang.type.AttributePrimitive@3a286aae
createComplexType change.Duty
createAttributesValues participant change.Participant ==> com.conetex.contract.lang.type.AttributeComplex@1520ddc7
create complex child change.DutyOfClerk
createComplexType change.DutyOfClerk
createAttributesValues change.DutyOfClerk.todo change.DutyOfClerk.todo ==> com.conetex.contract.lang.type.AttributeComplex@4a1da0f9
create complex child change.DutyOfRequester
createComplexType change.DutyOfRequester
createComplexType change.Participant
Primitive.createIdentifier nick ASCII(32) ==> com.conetex.contract.lang.type.AttributePrimitive@6c56b802
Primitive.createIdentifier mail ASCII(32) ==> com.conetex.contract.lang.type.AttributePrimitive@7f8b8eaa
Primitive.createIdentifier publicKey Base64(256) ==> com.conetex.contract.lang.type.AttributePrimitive@5836e3ca
Builder contract
complexname: change.DutyOfClerk.todo
complexname: change.DutyOfClerk
complexname: change
complexname: change.DutyOfClerk.todo
complexname: change.DutyOfClerk
complexname: change
complexname: change.DutyOfClerk.todo
complexname: change.DutyOfClerk
complexname: change
complexname: change.DutyOfClerk.todo
complexname: change.DutyOfClerk
complexname: change
complexname: change.DutyOfClerk.todo
complexname: change.DutyOfClerk
complexname: change
complexname: change.DutyOfClerk.todo
complexname: change.DutyOfClerk
complexname: change
complexname: change.DutyOfClerk.todo
complexname: change.DutyOfClerk
complexname: change
complexname: change.DutyOfClerk.todo
complexname: change.DutyOfClerk
complexname: change
complexname: change.DutyOfRequester
complexname: change
complexname: change.DutyOfRequester
complexname: change
complexname: change.DutyOfRequester
complexname: change
complexname: change.DutyOfRequester
complexname: change
complexname: change.DutyOfRequester
complexname: change
complexname: change.DutyOfRequester
complexname: change
complexname: change.DutyOfRequester
complexname: change
complexname: change.DutyOfRequester
complexname: change
complexname: change.DutyOfRequester
complexname: change
complexname: change.DutyOfRequester
complexname: change
complexname: change.DutyOfRequester
complexname: change
complexname: change.DutyOfRequester
complexname: change
complexname: change.DutyOfRequester
complexname: change
complexname: change.DutyOfRequester
complexname: change
complexname: change.DutyOfRequester
complexname: change
createValues VIRTUAL_PRIM_VALUE
complexname: change
createValue amountOfFavour 2
createValues VIRTUAL_PRIM_VALUE
complexname: change
createValue step 45
createValues VIRTUAL_PRIM_VALUE
complexname: change
createValue integerAnswer 0
createValues VIRTUAL_PRIM_VALUE
complexname: change
createValue status nagut
createValues VIRTUAL_COMP_VALUE
complexname: change
createValues VIRTUAL_COMP_VALUE
complexname: change.Signature
createValues VIRTUAL_PRIM_VALUE
complexname: change.Participant
createValue nick Bjoern
createValues VIRTUAL_PRIM_VALUE
complexname: change.Participant
createValue mail 
createValues VIRTUAL_PRIM_VALUE
complexname: change.Participant
createValue publicKey MIGfMA0GCSqGSIb3DQEBAQUAA4GNADCBiQKBgQCTj/pKWLFZvugkf0TQps6wxju4K7oI/iwW5LxyBeAE74JgIwvocBcDnQAWUzhSaktEO5fWgEtH9wr3GvbMhNOqDX3RAX2u+b9nzL+ltqCRBojJqywwVj4HiSku9t7Sc6MkisUdE5jQvSzneml3dxUEXWjIEcwb29NpCpZpQ1Pa1QIDAQAB
createValues VIRTUAL_PRIM_VALUE
complexname: change.Signature
createValue signing YiuyQeTwRZpeR7sQ3hmdtPYPFchmES0yZ5KFXHm3pyfp6tu8nbtrtqNkTYf+WE8A06thiFrUum1CPPET2UrHKEZqcnM1LgcTffxOFMY6s/fmUM1q4897yeQ83z/+fDRSza2rha64fVyMAzfuu/jZIAXGBe3HbtyeKBkQEaNeJlI=
createValues VIRTUAL_COMP_VALUE
complexname: change
createValues VIRTUAL_COMP_VALUE
complexname: change.Signature
createValues VIRTUAL_PRIM_VALUE
complexname: change.Participant
createValue nick Matthias
createValues VIRTUAL_PRIM_VALUE
complexname: change.Participant
createValue mail 
createValues VIRTUAL_PRIM_VALUE
complexname: change.Participant
createValue publicKey MIGfMA0GCSqGSIb3DQEBAQUAA4GNADCBiQKBgQCG4fKRuj6SX6lgaKtQ9pUV/2yVwFB4mq0l7DaeZkzlF/tH99vvMOD9Q0SVa0DuClcNQS8DXtKy3MU+0ax4UG8Yh8YL3C+zv7Cb3kGWsEP/dDWka+6mHhhf7ofZ6a1HZdUvj8qW4H3SDP83YP0j3QnjqCA+t4fjs8qbDu3x4r1ZkQIDAQAB
createValues VIRTUAL_PRIM_VALUE
complexname: change.Signature
createValue signing JkJhfbEzaKIgrNWWmvh5NrhYf4TJy97cR62C3a7AiSbVF7XJ/tPA3h1ae35M7LIVoDPV1XR+KPirL6vZ8oB5U7Ubutx4w1cxpD61NfRgSYk70dw1UoXiktrrPMESW/9Duanor3WzdW43QCAjo5u5WZcvGh4UQC1dqfZnK4GbC/M=
createValues VIRTUAL_COMP_VALUE
complexname: change
createValues VIRTUAL_COMP_VALUE
complexname: change.DutyOfClerk
createValues VIRTUAL_PRIM_VALUE
complexname: change.Participant
createValue nick Bjoern
createValues VIRTUAL_PRIM_VALUE
complexname: change.Participant
createValue mail 
createValues VIRTUAL_PRIM_VALUE
complexname: change.Participant
createValue publicKey MIGfMA0GCSqGSIb3DQEBAQUAA4GNADCBiQKBgQCTj/pKWLFZvugkf0TQps6wxju4K7oI/iwW5LxyBeAE74JgIwvocBcDnQAWUzhSaktEO5fWgEtH9wr3GvbMhNOqDX3RAX2u+b9nzL+ltqCRBojJqywwVj4HiSku9t7Sc6MkisUdE5jQvSzneml3dxUEXWjIEcwb29NpCpZpQ1Pa1QIDAQAB
createValues VIRTUAL_COMP_VALUE
complexname: change
createValues VIRTUAL_COMP_VALUE
complexname: change.DutyOfRequester
createValues VIRTUAL_PRIM_VALUE
complexname: change.Participant
createValue nick Matthias
createValues VIRTUAL_PRIM_VALUE
complexname: change.Participant
createValue mail 
createValues VIRTUAL_PRIM_VALUE
complexname: change.Participant
createValue publicKey MIGfMA0GCSqGSIb3DQEBAQUAA4GNADCBiQKBgQCG4fKRuj6SX6lgaKtQ9pUV/2yVwFB4mq0l7DaeZkzlF/tH99vvMOD9Q0SVa0DuClcNQS8DXtKy3MU+0ax4UG8Yh8YL3C+zv7Cb3kGWsEP/dDWka+6mHhhf7ofZ6a1HZdUvj8qW4H3SDP83YP0j3QnjqCA+t4fjs8qbDu3x4r1ZkQIDAQAB
MOCK stepResult: OK!
MOCK stepResult: 5
MOCK stepResult: null
MOCK stepResult: null
write attribute
write attribute
write attribute
write attribute
write attribute
write attribute
write attribute
write attribute
write Integer
write ref
write equal
write ref
write query
write copy
write then
write Integer
write ref
write equal
write ref
write query
write copy
write ref
write ref
write Integer
write plus
write copy
write then
write Integer
write ref
write equal
write ref
write query
write copy
write ref
write ref
write Integer
write plus
write copy
write then
write Integer
write ref
write equal
write ref
write String
write copy
write ref
write ref
write Integer
write plus
write copy
write then
write ref
write String
write copy
write else
write if
write else
write if
write else
write if
write else
write if
write complexType
write attribute
write attribute
write complexType
write attribute
write Integer
write ref
write equal
write ref
write query
write copy
write ref
write Integer
write copy
write then
write Integer
write ref
write equal
write ref
write query
write copy
write ref
write Integer
write copy
write then
write ref
write String
write copy
write ref
write Integer
write copy
write else
write if
write else
write if
write function
write call
write complexType
write attribute
write complexType
write attribute
write attribute
write attribute
write complexType
write complexType
write VIRTUAL_PRIM_VALUE
write VIRTUAL_PRIM_VALUE
write VIRTUAL_PRIM_VALUE
write VIRTUAL_PRIM_VALUE
write VIRTUAL_PRIM_VALUE
write VIRTUAL_PRIM_VALUE
write VIRTUAL_PRIM_VALUE
write VIRTUAL_COMP_VALUE
write VIRTUAL_PRIM_VALUE
write VIRTUAL_COMP_VALUE
write VIRTUAL_PRIM_VALUE
write VIRTUAL_PRIM_VALUE
write VIRTUAL_PRIM_VALUE
write VIRTUAL_COMP_VALUE
write VIRTUAL_PRIM_VALUE
write VIRTUAL_COMP_VALUE
write VIRTUAL_PRIM_VALUE
write VIRTUAL_PRIM_VALUE
write VIRTUAL_PRIM_VALUE
write VIRTUAL_COMP_VALUE
write VIRTUAL_COMP_VALUE
write VIRTUAL_PRIM_VALUE
write VIRTUAL_PRIM_VALUE
write VIRTUAL_PRIM_VALUE
write VIRTUAL_COMP_VALUE
write VIRTUAL_COMP_VALUE
write VIRTUAL_COMP_VALUE
